Acquiring state lock. This may take a few moments...
[0m[1mmodule.eks.aws_iam_role.mentoring: Refreshing state... [id=eks-node-group-mentoring][0m
[0m[1mmodule.eks.aws_iam_role.eks-cluster: Refreshing state... [id=terraform-eks-cluster][0m
[0m[1mmodule.eks.aws_security_group.eks-cluster: Refreshing state... [id=sg-0c4f9d312dc29b2a1][0m
[0m[1mmodule.eks.aws_security_group_rule.cluster-ingress-workstation-https: Refreshing state... [id=sgrule-3624633741][0m
[0m[1mmodule.eks.aws_iam_role_policy_attachment.mentoring-AmazonEC2ContainerRegistryReadOnly: Refreshing state... [id=eks-node-group-mentoring-20191220143305327500000003][0m
[0m[1mmodule.eks.aws_iam_role_policy_attachment.cluster-AmazonEKSClusterPlicy: Refreshing state... [id=terraform-eks-cluster-20191220143305302200000002][0m
[0m[1mmodule.eks.aws_iam_role_policy_attachment.cluster-AmazonEKSServicePolicy: Refreshing state... [id=terraform-eks-cluster-20191220143305301100000001][0m
[0m[1mmodule.eks.aws_iam_role_policy_attachment.mentoring-AmazonEKS_CNI_Policy: Refreshing state... [id=eks-node-group-mentoring-20191220143305455900000005][0m
[0m[1mmodule.eks.aws_iam_role_policy_attachment.mentoring-AmazonEKSWorkerNodePolicy: Refreshing state... [id=eks-node-group-mentoring-20191220143305332000000004][0m
[0m[1mmodule.eks.aws_eks_cluster.mentoring: Refreshing state... [id=eks-cluster][0m
[0m[1mmodule.eks.null_resource.generate_kubeconfig: Refreshing state... [id=2089431711550966975][0m
[0m[1mmodule.eks.aws_eks_node_group.mentoring: Refreshing state... [id=eks-cluster:mentoring][0m
[0m[1mmodule.eks.null_resource.generate_kubeconfig: Destroying... [id=2089431711550966975][0m[0m
[0m[1mmodule.eks.null_resource.generate_kubeconfig: Destruction complete after 0s[0m[0m
[0m[1mmodule.eks.aws_security_group_rule.cluster-ingress-workstation-https: Destroying... [id=sgrule-3624633741][0m[0m
[0m[1mmodule.eks.aws_eks_node_group.mentoring: Destroying... [id=eks-cluster:mentoring][0m[0m
[0m[1mmodule.eks.aws_security_group_rule.cluster-ingress-workstation-https: Destruction complete after 0s[0m[0m
[0m[1mmodule.eks.aws_eks_node_group.mentoring: Still destroying... [id=eks-cluster:mentoring, 10s elapsed][0m[0m
[0m[1mmodule.eks.aws_eks_node_group.mentoring: Still destroying... [id=eks-cluster:mentoring, 20s elapsed][0m[0m
[0m[1mmodule.eks.aws_eks_node_group.mentoring: Still destroying... [id=eks-cluster:mentoring, 30s elapsed][0m[0m
[0m[1mmodule.eks.aws_eks_node_group.mentoring: Still destroying... [id=eks-cluster:mentoring, 40s elapsed][0m[0m
[0m[1mmodule.eks.aws_eks_node_group.mentoring: Still destroying... [id=eks-cluster:mentoring, 50s elapsed][0m[0m
[0m[1mmodule.eks.aws_eks_node_group.mentoring: Still destroying... [id=eks-cluster:mentoring, 1m0s elapsed][0m[0m
[0m[1mmodule.eks.aws_eks_node_group.mentoring: Still destroying... [id=eks-cluster:mentoring, 1m10s elapsed][0m[0m
[0m[1mmodule.eks.aws_eks_node_group.mentoring: Still destroying... [id=eks-cluster:mentoring, 1m20s elapsed][0m[0m
[0m[1mmodule.eks.aws_eks_node_group.mentoring: Still destroying... [id=eks-cluster:mentoring, 1m30s elapsed][0m[0m
[0m[1mmodule.eks.aws_eks_node_group.mentoring: Still destroying... [id=eks-cluster:mentoring, 1m40s elapsed][0m[0m
[0m[1mmodule.eks.aws_eks_node_group.mentoring: Still destroying... [id=eks-cluster:mentoring, 1m50s elapsed][0m[0m
[0m[1mmodule.eks.aws_eks_node_group.mentoring: Still destroying... [id=eks-cluster:mentoring, 2m0s elapsed][0m[0m
[0m[1mmodule.eks.aws_eks_node_group.mentoring: Still destroying... [id=eks-cluster:mentoring, 2m10s elapsed][0m[0m
[0m[1mmodule.eks.aws_eks_node_group.mentoring: Destruction complete after 2m19s[0m[0m
[0m[1mmodule.eks.aws_eks_cluster.mentoring: Destroying... [id=eks-cluster][0m[0m
[0m[1mmodule.eks.aws_iam_role_policy_attachment.mentoring-AmazonEKSWorkerNodePolicy: Destroying... [id=eks-node-group-mentoring-20191220143305332000000004][0m[0m
[0m[1mmodule.eks.aws_iam_role_policy_attachment.mentoring-AmazonEC2ContainerRegistryReadOnly: Destroying... [id=eks-node-group-mentoring-20191220143305327500000003][0m[0m
[0m[1mmodule.eks.aws_iam_role_policy_attachment.mentoring-AmazonEKS_CNI_Policy: Destroying... [id=eks-node-group-mentoring-20191220143305455900000005][0m[0m
[0m[1mmodule.eks.aws_iam_role_policy_attachment.mentoring-AmazonEC2ContainerRegistryReadOnly: Destruction complete after 1s[0m[0m
[0m[1mmodule.eks.aws_iam_role_policy_attachment.mentoring-AmazonEKS_CNI_Policy: Destruction complete after 1s[0m[0m
[0m[1mmodule.eks.aws_iam_role_policy_attachment.mentoring-AmazonEKSWorkerNodePolicy: Destruction complete after 1s[0m[0m
[0m[1mmodule.eks.aws_iam_role.mentoring: Destroying... [id=eks-node-group-mentoring][0m[0m
[0m[1mmodule.eks.aws_iam_role.mentoring: Destruction complete after 1s[0m[0m
[0m[1mmodule.eks.aws_eks_cluster.mentoring: Still destroying... [id=eks-cluster, 10s elapsed][0m[0m
[0m[1mmodule.eks.aws_eks_cluster.mentoring: Still destroying... [id=eks-cluster, 20s elapsed][0m[0m
[0m[1mmodule.eks.aws_eks_cluster.mentoring: Still destroying... [id=eks-cluster, 30s elapsed][0m[0m
[0m[1mmodule.eks.aws_eks_cluster.mentoring: Still destroying... [id=eks-cluster, 40s elapsed][0m[0m
[0m[1mmodule.eks.aws_eks_cluster.mentoring: Still destroying... [id=eks-cluster, 50s elapsed][0m[0m
[0m[1mmodule.eks.aws_eks_cluster.mentoring: Still destroying... [id=eks-cluster, 1m0s elapsed][0m[0m
[0m[1mmodule.eks.aws_eks_cluster.mentoring: Still destroying... [id=eks-cluster, 1m10s elapsed][0m[0m
[0m[1mmodule.eks.aws_eks_cluster.mentoring: Still destroying... [id=eks-cluster, 1m20s elapsed][0m[0m
[0m[1mmodule.eks.aws_eks_cluster.mentoring: Still destroying... [id=eks-cluster, 1m30s elapsed][0m[0m
[0m[1mmodule.eks.aws_eks_cluster.mentoring: Still destroying... [id=eks-cluster, 1m40s elapsed][0m[0m
[0m[1mmodule.eks.aws_eks_cluster.mentoring: Still destroying... [id=eks-cluster, 1m50s elapsed][0m[0m
[0m[1mmodule.eks.aws_eks_cluster.mentoring: Still destroying... [id=eks-cluster, 2m0s elapsed][0m[0m
[0m[1mmodule.eks.aws_eks_cluster.mentoring: Still destroying... [id=eks-cluster, 2m10s elapsed][0m[0m
[0m[1mmodule.eks.aws_eks_cluster.mentoring: Still destroying... [id=eks-cluster, 2m20s elapsed][0m[0m
[0m[1mmodule.eks.aws_eks_cluster.mentoring: Still destroying... [id=eks-cluster, 2m30s elapsed][0m[0m
[0m[1mmodule.eks.aws_eks_cluster.mentoring: Still destroying... [id=eks-cluster, 2m40s elapsed][0m[0m
[0m[1mmodule.eks.aws_eks_cluster.mentoring: Still destroying... [id=eks-cluster, 2m50s elapsed][0m[0m
[0m[1mmodule.eks.aws_eks_cluster.mentoring: Still destroying... [id=eks-cluster, 3m0s elapsed][0m[0m
[0m[1mmodule.eks.aws_eks_cluster.mentoring: Still destroying... [id=eks-cluster, 3m10s elapsed][0m[0m
[0m[1mmodule.eks.aws_eks_cluster.mentoring: Still destroying... [id=eks-cluster, 3m20s elapsed][0m[0m
[0m[1mmodule.eks.aws_eks_cluster.mentoring: Still destroying... [id=eks-cluster, 3m30s elapsed][0m[0m
[0m[1mmodule.eks.aws_eks_cluster.mentoring: Still destroying... [id=eks-cluster, 3m40s elapsed][0m[0m
[0m[1mmodule.eks.aws_eks_cluster.mentoring: Still destroying... [id=eks-cluster, 3m50s elapsed][0m[0m
[0m[1mmodule.eks.aws_eks_cluster.mentoring: Still destroying... [id=eks-cluster, 4m0s elapsed][0m[0m
[0m[1mmodule.eks.aws_eks_cluster.mentoring: Still destroying... [id=eks-cluster, 4m10s elapsed][0m[0m
[0m[1mmodule.eks.aws_eks_cluster.mentoring: Still destroying... [id=eks-cluster, 4m20s elapsed][0m[0m
[0m[1mmodule.eks.aws_eks_cluster.mentoring: Still destroying... [id=eks-cluster, 4m30s elapsed][0m[0m
[0m[1mmodule.eks.aws_eks_cluster.mentoring: Still destroying... [id=eks-cluster, 4m40s elapsed][0m[0m
[0m[1mmodule.eks.aws_eks_cluster.mentoring: Still destroying... [id=eks-cluster, 4m50s elapsed][0m[0m
[0m[1mmodule.eks.aws_eks_cluster.mentoring: Still destroying... [id=eks-cluster, 5m0s elapsed][0m[0m
[0m[1mmodule.eks.aws_eks_cluster.mentoring: Still destroying... [id=eks-cluster, 5m10s elapsed][0m[0m
[0m[1mmodule.eks.aws_eks_cluster.mentoring: Still destroying... [id=eks-cluster, 5m20s elapsed][0m[0m
[0m[1mmodule.eks.aws_eks_cluster.mentoring: Still destroying... [id=eks-cluster, 5m30s elapsed][0m[0m
[0m[1mmodule.eks.aws_eks_cluster.mentoring: Still destroying... [id=eks-cluster, 5m40s elapsed][0m[0m
[0m[1mmodule.eks.aws_eks_cluster.mentoring: Still destroying... [id=eks-cluster, 5m50s elapsed][0m[0m
[0m[1mmodule.eks.aws_eks_cluster.mentoring: Still destroying... [id=eks-cluster, 6m0s elapsed][0m[0m
[0m[1mmodule.eks.aws_eks_cluster.mentoring: Still destroying... [id=eks-cluster, 6m10s elapsed][0m[0m
[0m[1mmodule.eks.aws_eks_cluster.mentoring: Still destroying... [id=eks-cluster, 6m20s elapsed][0m[0m
[0m[1mmodule.eks.aws_eks_cluster.mentoring: Still destroying... [id=eks-cluster, 6m30s elapsed][0m[0m
[0m[1mmodule.eks.aws_eks_cluster.mentoring: Still destroying... [id=eks-cluster, 6m40s elapsed][0m[0m
[0m[1mmodule.eks.aws_eks_cluster.mentoring: Still destroying... [id=eks-cluster, 6m50s elapsed][0m[0m
[0m[1mmodule.eks.aws_eks_cluster.mentoring: Still destroying... [id=eks-cluster, 7m0s elapsed][0m[0m
[0m[1mmodule.eks.aws_eks_cluster.mentoring: Still destroying... [id=eks-cluster, 7m10s elapsed][0m[0m
[0m[1mmodule.eks.aws_eks_cluster.mentoring: Still destroying... [id=eks-cluster, 7m20s elapsed][0m[0m
[0m[1mmodule.eks.aws_eks_cluster.mentoring: Still destroying... [id=eks-cluster, 7m30s elapsed][0m[0m
[0m[1mmodule.eks.aws_eks_cluster.mentoring: Still destroying... [id=eks-cluster, 7m40s elapsed][0m[0m
[0m[1mmodule.eks.aws_eks_cluster.mentoring: Still destroying... [id=eks-cluster, 7m50s elapsed][0m[0m
[0m[1mmodule.eks.aws_eks_cluster.mentoring: Still destroying... [id=eks-cluster, 8m0s elapsed][0m[0m
[0m[1mmodule.eks.aws_eks_cluster.mentoring: Still destroying... [id=eks-cluster, 8m10s elapsed][0m[0m
[0m[1mmodule.eks.aws_eks_cluster.mentoring: Still destroying... [id=eks-cluster, 8m20s elapsed][0m[0m
[0m[1mmodule.eks.aws_eks_cluster.mentoring: Still destroying... [id=eks-cluster, 8m30s elapsed][0m[0m
[0m[1mmodule.eks.aws_eks_cluster.mentoring: Still destroying... [id=eks-cluster, 8m40s elapsed][0m[0m
[0m[1mmodule.eks.aws_eks_cluster.mentoring: Still destroying... [id=eks-cluster, 8m50s elapsed][0m[0m
[0m[1mmodule.eks.aws_eks_cluster.mentoring: Still destroying... [id=eks-cluster, 9m0s elapsed][0m[0m
Interrupt received.
Please wait for Terraform to exit or data loss may occur.
Gracefully shutting down...
Stopping operation...
[0m[1mmodule.eks.aws_eks_cluster.mentoring: Still destroying... [id=eks-cluster, 9m10s elapsed][0m[0m
[0m[1mmodule.eks.aws_eks_cluster.mentoring: Destruction complete after 9m13s[0m[0m
[0m[1mmodule.eks.aws_security_group.eks-cluster: Destroying... [id=sg-0c4f9d312dc29b2a1][0m[0m
[0m[1mmodule.eks.aws_iam_role_policy_attachment.cluster-AmazonEKSServicePolicy: Destroying... [id=terraform-eks-cluster-20191220143305301100000001][0m[0m
[0m[1mmodule.eks.aws_iam_role_policy_attachment.cluster-AmazonEKSClusterPlicy: Destroying... [id=terraform-eks-cluster-20191220143305302200000002][0m[0m
[0m[1mmodule.eks.aws_iam_role.eks-cluster: Destroying... [id=terraform-eks-cluster][0m[0m
[33m
[1m[33mWarning: [0m[0m[1mResource targeting is in effect[0m

[0mYou are creating a plan with the -target option, which means that the result
of this plan may not represent all of the changes requested by the current
configuration.
		
The -target option is not for routine use, and is provided only for
exceptional situations such as recovering from errors or mistakes, or when
Terraform specifically suggests to use it as part of an error message.
[0m[0m
[33m
[1m[33mWarning: [0m[0m[1mApplied changes may be incomplete[0m

[0mThe plan was created with the -target option in effect, so some changes
requested in the configuration may have been ignored and the output values may
not be fully updated. Run the following command to verify that no other
changes are pending:
    terraform plan
	
Note that the -target option is not suitable for routine use, and is provided
only for exceptional situations such as recovering from errors or mistakes, or
when Terraform specifically suggests to use it as part of an error message.
[0m[0m
[0m[1m[32m
Destroy complete! Resources: 8 destroyed.[0m
Releasing state lock. This may take a few moments...
